<?xml version="1.0" encoding="UTF-8"?>
<!-- Generated by org.testng.reporters.JUnitReportReporter -->
<testsuite hostname="DESKTOP-OS1JFG0" failures="0" tests="1" name="apitest.Restapitest" time="3.889" errors="0" timestamp="2025-06-23T14:33:17 IST" skipped="0">
  <testcase classname="apitest.Restapitest" name="customerlogin" time="3.889"/>
</testsuite> <!-- apitest.Restapitest -->
